2016-02-28 13:12:48,026 INFO  ~ Starting G:\play-1.2.5.3\BallerStarter
2016-02-28 13:12:48,030 WARN  ~ Declaring modules in application.conf is deprecated. Use dependencies.yml instead (module.crud)
2016-02-28 13:12:48,030 INFO  ~ Module crud is available (G:\play-1.2.5.3\modules\crud)
2016-02-28 13:12:48,030 WARN  ~ Declaring modules in application.conf is deprecated. Use dependencies.yml instead (module.secure)
2016-02-28 13:12:48,031 INFO  ~ Module secure is available (G:\play-1.2.5.3\modules\secure)
2016-02-28 13:12:48,031 INFO  ~ Module crud is available (G:\play-1.2.5.3\modules\crud)
2016-02-28 13:12:48,032 INFO  ~ Module secure is available (G:\play-1.2.5.3\modules\secure)
2016-02-28 13:12:48,793 WARN  ~ You're running Play! in DEV mode
2016-02-28 13:12:48,923 INFO  ~ Listening for HTTP on port 9000 (Waiting a first request to start) ...
2016-02-28 13:13:02,365 ERROR ~ 

@6p987dn7n
Internal Server Error (500) for request GET /@tests

Compilation error (In {module:crud}/app/controllers/CRUD.java around line 34)
The file {module:crud}/app/controllers/CRUD.java could not be compiled. Error raised is : The type CRUD is already defined

play.exceptions.CompilationException: The type CRUD is already defined
	at play.classloading.ApplicationCompiler$2.acceptResult(ApplicationCompiler.java:246)
	at org.eclipse.jdt.internal.compiler.Compiler.handleInternalException(Compiler.java:676)
	at org.eclipse.jdt.internal.compiler.Compiler.compile(Compiler.java:520)
	at play.classloading.ApplicationCompiler.compile(ApplicationCompiler.java:282)
	at play.classloading.ApplicationClassloader.getAllClasses(ApplicationClassloader.java:426)
	at play.Play.start(Play.java:516)
	at play.Play.detectChanges(Play.java:642)
	at play.Invoker$Invocation.init(Invoker.java:198)
	at Invocation.HTTP Request(Play!)
2016-02-28 13:13:10,836 INFO  ~ Connected to jdbc:mysql://127.0.0.1:3306/ballerstarter?useUnicode=true&characterEncoding=utf-8&autoReconnect=true&failOverReadOnly=false&rewriteBatchedStatements=true
2016-02-28 13:13:11,243 ERROR ~ 

@6p987dn7o
Internal Server Error (500) for request GET /@tests

JPA error
A JPA error occurred (Unable to build EntityManagerFactory): mappedBy reference an unknown target entity property: models.Member.teams in models.Team.members

play.exceptions.JPAException: Unable to build EntityManagerFactory
	at play.db.jpa.JPAPlugin.onApplicationStart(JPAPlugin.java:269)
	at play.plugins.PluginCollection.onApplicationStart(PluginCollection.java:525)
	at play.Play.start(Play.java:526)
	at play.Play.detectChanges(Play.java:642)
	at play.Invoker$Invocation.init(Invoker.java:198)
	at Invocation.HTTP Request(Play!)
Caused by: org.hibernate.AnnotationException: mappedBy reference an unknown target entity property: models.Member.teams in models.Team.members
	at org.hibernate.cfg.annotations.CollectionBinder.bindStarToManySecondPass(CollectionBinder.java:685)
	at org.hibernate.cfg.annotations.CollectionBinder$1.secondPass(CollectionBinder.java:645)
	at org.hibernate.cfg.CollectionSecondPass.doSecondPass(CollectionSecondPass.java:65)
	at org.hibernate.cfg.Configuration.originalSecondPassCompile(Configuration.java:1716)
	at org.hibernate.cfg.Configuration.secondPassCompile(Configuration.java:1423)
	at org.hibernate.cfg.Configuration.buildMappings(Configuration.java:1375)
	at org.hibernate.ejb.Ejb3Configuration.buildMappings(Ejb3Configuration.java:1519)
	at org.hibernate.ejb.EventListenerConfigurator.configure(EventListenerConfigurator.java:193)
	at org.hibernate.ejb.Ejb3Configuration.configure(Ejb3Configuration.java:1100)
	at org.hibernate.ejb.Ejb3Configuration.buildEntityManagerFactory(Ejb3Configuration.java:904)
	at play.db.jpa.JPAPlugin.onApplicationStart(JPAPlugin.java:267)
	... 5 more
2016-02-28 13:14:48,089 ERROR ~ Unsuccessful: create table memberpoint (id bigint not null auto_increment, match varchar(255), point integer, member_id bigint, primary key (id)) ENGINE=InnoDB DEFAULT CHARSET=utf8
2016-02-28 13:14:48,089 ERROR ~ You have an error in your SQL syntax; check the manual that corresponds to your MySQL server version for the right syntax to use near 'match varchar(255), point integer, member_id bigint, primary key (id)) ENGINE=In' at line 1
2016-02-28 13:14:48,202 ERROR ~ Unsuccessful: alter table memberpoint add index FK536C5B36FFACAF9E (member_id), add constraint FK536C5B36FFACAF9E foreign key (member_id) references members (id)
2016-02-28 13:14:48,202 ERROR ~ Table 'ballerstarter.memberpoint' doesn't exist
2016-02-28 13:14:48,212 ERROR ~ Unsuccessful: alter table members add index FK388EC919500EB9DE (team), add constraint FK388EC919500EB9DE foreign key (team) references teams (id)
2016-02-28 13:14:48,212 ERROR ~ Cannot add foreign key constraint
2016-02-28 13:14:48,357 INFO  ~ Application 'Baller Starter' is now started !
2016-02-28 13:20:04,408 INFO  ~ Starting G:\play-1.2.5.3\BallerStarter
2016-02-28 13:20:04,411 WARN  ~ Declaring modules in application.conf is deprecated. Use dependencies.yml instead (module.crud)
2016-02-28 13:20:04,411 INFO  ~ Module crud is available (G:\play-1.2.5.3\modules\crud)
2016-02-28 13:20:04,412 WARN  ~ Declaring modules in application.conf is deprecated. Use dependencies.yml instead (module.secure)
2016-02-28 13:20:04,412 INFO  ~ Module secure is available (G:\play-1.2.5.3\modules\secure)
2016-02-28 13:20:04,412 INFO  ~ Module crud is available (G:\play-1.2.5.3\modules\crud)
2016-02-28 13:20:04,413 INFO  ~ Module secure is available (G:\play-1.2.5.3\modules\secure)
2016-02-28 13:20:04,979 WARN  ~ You're running Play! in DEV mode
2016-02-28 13:20:05,088 INFO  ~ Listening for HTTP on port 9000 (Waiting a first request to start) ...
2016-02-28 13:20:23,383 INFO  ~ Connected to jdbc:mysql://127.0.0.1:3306/ballerstarter?useUnicode=true&characterEncoding=utf-8&autoReconnect=true&failOverReadOnly=false&rewriteBatchedStatements=true
2016-02-28 13:20:24,212 ERROR ~ Unsuccessful: create table memberpoint (id bigint not null auto_increment, match varchar(255), point integer, member_id bigint, primary key (id)) ENGINE=InnoDB DEFAULT CHARSET=utf8
2016-02-28 13:20:24,213 ERROR ~ You have an error in your SQL syntax; check the manual that corresponds to your MySQL server version for the right syntax to use near 'match varchar(255), point integer, member_id bigint, primary key (id)) ENGINE=In' at line 1
2016-02-28 13:20:24,214 ERROR ~ Unsuccessful: alter table memberpoint add index FK536C5B36FFACAF9E (member_id), add constraint FK536C5B36FFACAF9E foreign key (member_id) references members (id)
2016-02-28 13:20:24,214 ERROR ~ Table 'ballerstarter.memberpoint' doesn't exist
2016-02-28 13:20:24,226 ERROR ~ Unsuccessful: alter table members add index FK388EC919500EB9DE (team), add constraint FK388EC919500EB9DE foreign key (team) references teams (id)
2016-02-28 13:20:24,226 ERROR ~ Cannot add foreign key constraint
2016-02-28 13:20:24,277 INFO  ~ Application 'Baller Starter' is now started !
2016-02-28 13:25:17,000 INFO  ~ Starting G:\play-1.2.5.3\BallerStarter
2016-02-28 13:25:17,002 WARN  ~ Declaring modules in application.conf is deprecated. Use dependencies.yml instead (module.crud)
2016-02-28 13:25:17,003 INFO  ~ Module crud is available (G:\play-1.2.5.3\modules\crud)
2016-02-28 13:25:17,003 WARN  ~ Declaring modules in application.conf is deprecated. Use dependencies.yml instead (module.secure)
2016-02-28 13:25:17,003 INFO  ~ Module secure is available (G:\play-1.2.5.3\modules\secure)
2016-02-28 13:25:17,004 INFO  ~ Module crud is available (G:\play-1.2.5.3\modules\crud)
2016-02-28 13:25:17,004 INFO  ~ Module secure is available (G:\play-1.2.5.3\modules\secure)
2016-02-28 13:25:17,518 WARN  ~ You're running Play! in DEV mode
2016-02-28 13:25:17,627 INFO  ~ Listening for HTTP on port 9000 (Waiting a first request to start) ...
2016-02-28 13:25:25,221 ERROR ~ 

@6p9894a3a
Internal Server Error (500) for request GET /admin

Compilation error (In {module:crud}/app/controllers/CRUD.java around line 34)
The file {module:crud}/app/controllers/CRUD.java could not be compiled. Error raised is : The type CRUD is already defined

play.exceptions.CompilationException: The type CRUD is already defined
	at play.classloading.ApplicationCompiler$2.acceptResult(ApplicationCompiler.java:246)
	at org.eclipse.jdt.internal.compiler.Compiler.handleInternalException(Compiler.java:676)
	at org.eclipse.jdt.internal.compiler.Compiler.compile(Compiler.java:520)
	at play.classloading.ApplicationCompiler.compile(ApplicationCompiler.java:282)
	at play.classloading.ApplicationClassloader.getAllClasses(ApplicationClassloader.java:426)
	at play.classloading.ApplicationClassloader.getAssignableClasses(ApplicationClassloader.java:455)
	at {module:crud}/app/views/tags/crud/types.tag.(line:3)
	at play.templates.GroovyTemplate.internalRender(GroovyTemplate.java:247)
	at play.templates.GroovyTemplate$ExecutableTemplate.invokeTag(GroovyTemplate.java:401)
	at {module:crud}/conf/routes.(line:4)
	at play.templates.GroovyTemplate.internalRender(GroovyTemplate.java:247)
	at play.templates.Template.render(Template.java:26)
	at play.templates.GroovyTemplate.render(GroovyTemplate.java:202)
	at play.mvc.Router.parse(Router.java:162)
	at play.mvc.Router.parse(Router.java:190)
	at play.mvc.Router.parse(Router.java:164)
	at play.mvc.Router.load(Router.java:48)
	at play.mvc.Router.detectChanges(Router.java:219)
	at Invocation.HTTP Request(Play!)
2016-02-28 13:25:30,151 INFO  ~ Connected to jdbc:mysql://127.0.0.1:3306/ballerstarter?useUnicode=true&characterEncoding=utf-8&autoReconnect=true&failOverReadOnly=false&rewriteBatchedStatements=true
2016-02-28 13:25:30,903 ERROR ~ Unsuccessful: create table memberpoint (id bigint not null auto_increment, match varchar(255), point integer, member_id bigint, primary key (id)) ENGINE=InnoDB DEFAULT CHARSET=utf8
2016-02-28 13:25:30,903 ERROR ~ You have an error in your SQL syntax; check the manual that corresponds to your MySQL server version for the right syntax to use near 'match varchar(255), point integer, member_id bigint, primary key (id)) ENGINE=In' at line 1
2016-02-28 13:25:30,904 ERROR ~ Unsuccessful: alter table memberpoint add index FK536C5B36FFACAF9E (member_id), add constraint FK536C5B36FFACAF9E foreign key (member_id) references members (id)
2016-02-28 13:25:30,904 ERROR ~ Table 'ballerstarter.memberpoint' doesn't exist
2016-02-28 13:25:30,914 ERROR ~ Unsuccessful: alter table members add index FK388EC919500EB9DE (team), add constraint FK388EC919500EB9DE foreign key (team) references teams (id)
2016-02-28 13:25:30,914 ERROR ~ Cannot add foreign key constraint
2016-02-28 13:25:30,965 INFO  ~ Application 'Baller Starter' is now started !
2016-02-28 13:26:35,029 INFO  ~ Starting G:\play-1.2.5.3\BallerStarter
2016-02-28 13:26:35,032 WARN  ~ Declaring modules in application.conf is deprecated. Use dependencies.yml instead (module.crud)
2016-02-28 13:26:35,032 INFO  ~ Module crud is available (G:\play-1.2.5.3\modules\crud)
2016-02-28 13:26:35,032 WARN  ~ Declaring modules in application.conf is deprecated. Use dependencies.yml instead (module.secure)
2016-02-28 13:26:35,033 INFO  ~ Module secure is available (G:\play-1.2.5.3\modules\secure)
2016-02-28 13:26:35,033 INFO  ~ Module crud is available (G:\play-1.2.5.3\modules\crud)
2016-02-28 13:26:35,033 INFO  ~ Module secure is available (G:\play-1.2.5.3\modules\secure)
2016-02-28 13:26:35,568 WARN  ~ You're running Play! in DEV mode
2016-02-28 13:26:35,765 INFO  ~ Listening for HTTP on port 9000 (Waiting a first request to start) ...
2016-02-28 13:26:47,134 ERROR ~ 

@6p98991id
Internal Server Error (500) for request GET /admin

Compilation error (In {module:crud}/app/controllers/CRUD.java around line 34)
The file {module:crud}/app/controllers/CRUD.java could not be compiled. Error raised is : The type CRUD is already defined

play.exceptions.CompilationException: The type CRUD is already defined
	at play.classloading.ApplicationCompiler$2.acceptResult(ApplicationCompiler.java:246)
	at org.eclipse.jdt.internal.compiler.Compiler.handleInternalException(Compiler.java:676)
	at org.eclipse.jdt.internal.compiler.Compiler.compile(Compiler.java:520)
	at play.classloading.ApplicationCompiler.compile(ApplicationCompiler.java:282)
	at play.classloading.ApplicationClassloader.getAllClasses(ApplicationClassloader.java:426)
	at play.classloading.ApplicationClassloader.getAssignableClasses(ApplicationClassloader.java:455)
	at {module:crud}/app/views/tags/crud/types.tag.(line:3)
	at play.templates.GroovyTemplate.internalRender(GroovyTemplate.java:247)
	at play.templates.GroovyTemplate$ExecutableTemplate.invokeTag(GroovyTemplate.java:401)
	at {module:crud}/conf/routes.(line:4)
	at play.templates.GroovyTemplate.internalRender(GroovyTemplate.java:247)
	at play.templates.Template.render(Template.java:26)
	at play.templates.GroovyTemplate.render(GroovyTemplate.java:202)
	at play.mvc.Router.parse(Router.java:162)
	at play.mvc.Router.parse(Router.java:190)
	at play.mvc.Router.parse(Router.java:164)
	at play.mvc.Router.load(Router.java:48)
	at play.mvc.Router.detectChanges(Router.java:219)
	at Invocation.HTTP Request(Play!)
2016-02-28 13:26:53,288 INFO  ~ Connected to jdbc:mysql://127.0.0.1:3306/ballerstarter?useUnicode=true&characterEncoding=utf-8&autoReconnect=true&failOverReadOnly=false&rewriteBatchedStatements=true
2016-02-28 13:26:54,125 ERROR ~ Unsuccessful: create table memberpoint (id bigint not null auto_increment, match varchar(255), point integer, member_id bigint, primary key (id)) ENGINE=InnoDB DEFAULT CHARSET=utf8
2016-02-28 13:26:54,125 ERROR ~ You have an error in your SQL syntax; check the manual that corresponds to your MySQL server version for the right syntax to use near 'match varchar(255), point integer, member_id bigint, primary key (id)) ENGINE=In' at line 1
2016-02-28 13:26:54,126 ERROR ~ Unsuccessful: alter table memberpoint add index FK536C5B36FFACAF9E (member_id), add constraint FK536C5B36FFACAF9E foreign key (member_id) references members (id)
2016-02-28 13:26:54,126 ERROR ~ Table 'ballerstarter.memberpoint' doesn't exist
2016-02-28 13:26:54,136 ERROR ~ Unsuccessful: alter table members add index FK388EC919500EB9DE (team), add constraint FK388EC919500EB9DE foreign key (team) references teams (id)
2016-02-28 13:26:54,136 ERROR ~ Cannot add foreign key constraint
2016-02-28 13:26:54,184 INFO  ~ Application 'Baller Starter' is now started !
2016-02-28 13:36:43,054 ERROR ~ Unsuccessful: create table memberpoint (id bigint not null auto_increment, match varchar(255), point integer, member_id bigint, primary key (id)) ENGINE=InnoDB DEFAULT CHARSET=utf8
2016-02-28 13:36:43,054 ERROR ~ You have an error in your SQL syntax; check the manual that corresponds to your MySQL server version for the right syntax to use near 'match varchar(255), point integer, member_id bigint, primary key (id)) ENGINE=In' at line 1
2016-02-28 13:36:43,055 ERROR ~ Unsuccessful: alter table memberpoint add index FK536C5B36FFACAF9E (member_id), add constraint FK536C5B36FFACAF9E foreign key (member_id) references members (id)
2016-02-28 13:36:43,055 ERROR ~ Table 'ballerstarter.memberpoint' doesn't exist
2016-02-28 13:36:43,063 ERROR ~ Unsuccessful: alter table members add index FK388EC919500EB9DE (team), add constraint FK388EC919500EB9DE foreign key (team) references teams (id)
2016-02-28 13:36:43,063 ERROR ~ Cannot add foreign key constraint
2016-02-28 13:41:50,669 ERROR ~ Table 'ballerstarter.memberpoint' doesn't exist
2016-02-28 13:41:50,725 ERROR ~ 

@6p98991pg
Internal Server Error (500) for request GET /memberpoints/list

Execution exception (In {module:crud}/app/controllers/CRUD.java around line 316)
PersistenceException occured : org.hibernate.exception.SQLGrammarException: could not execute query

play.exceptions.JavaExecutionException: org.hibernate.exception.SQLGrammarException: could not execute query
	at play.mvc.ActionInvoker.invoke(ActionInvoker.java:237)
	at Invocation.HTTP Request(Play!)
Caused by: javax.persistence.PersistenceException: org.hibernate.exception.SQLGrammarException: could not execute query
	at org.hibernate.ejb.AbstractEntityManagerImpl.convert(AbstractEntityManagerImpl.java:1389)
	at org.hibernate.ejb.AbstractEntityManagerImpl.convert(AbstractEntityManagerImpl.java:1317)
	at org.hibernate.ejb.QueryImpl.getResultList(QueryImpl.java:255)
	at play.db.jpa.JPAPlugin$JPAModelLoader.fetch(JPAPlugin.java:496)
	at controllers.CRUD$ObjectType.findPage(CRUD.java:316)
	at controllers.CRUD.list(CRUD.java:55)
	at play.mvc.ActionInvoker.invokeWithContinuation(ActionInvoker.java:557)
	at play.mvc.ActionInvoker.invoke(ActionInvoker.java:508)
	at play.mvc.ActionInvoker.invokeControllerMethod(ActionInvoker.java:484)
	at play.mvc.ActionInvoker.invokeControllerMethod(ActionInvoker.java:479)
	at play.mvc.ActionInvoker.invoke(ActionInvoker.java:161)
	... 1 more
Caused by: org.hibernate.exception.SQLGrammarException: could not execute query
	at org.hibernate.exception.SQLStateConverter.convert(SQLStateConverter.java:92)
	at org.hibernate.exception.JDBCExceptionHelper.convert(JDBCExceptionHelper.java:66)
	at org.hibernate.loader.Loader.doList(Loader.java:2545)
	at org.hibernate.loader.Loader.listIgnoreQueryCache(Loader.java:2276)
	at org.hibernate.loader.Loader.list(Loader.java:2271)
	at org.hibernate.loader.hql.QueryLoader.list(QueryLoader.java:459)
	at org.hibernate.hql.ast.QueryTranslatorImpl.list(QueryTranslatorImpl.java:365)
	at org.hibernate.engine.query.HQLQueryPlan.performList(HQLQueryPlan.java:196)
	at org.hibernate.impl.SessionImpl.list(SessionImpl.java:1268)
	at org.hibernate.impl.QueryImpl.list(QueryImpl.java:102)
	at org.hibernate.ejb.QueryImpl.getResultList(QueryImpl.java:246)
	... 9 more
Caused by: com.mysql.jdbc.exceptions.jdbc4.MySQLSyntaxErrorException: Table 'ballerstarter.memberpoint' doesn't exist
	at com.mysql.jdbc.Util.handleNewInstance(Util.java:411)
	at com.mysql.jdbc.Util.getInstance(Util.java:386)
	at com.mysql.jdbc.SQLError.createSQLException(SQLError.java:1052)
	at com.mysql.jdbc.MysqlIO.checkErrorPacket(MysqlIO.java:4096)
	at com.mysql.jdbc.MysqlIO.checkErrorPacket(MysqlIO.java:4028)
	at com.mysql.jdbc.MysqlIO.sendCommand(MysqlIO.java:2490)
	at com.mysql.jdbc.MysqlIO.sqlQueryDirect(MysqlIO.java:2651)
	at com.mysql.jdbc.ConnectionImpl.execSQL(ConnectionImpl.java:2683)
	at com.mysql.jdbc.PreparedStatement.executeInternal(PreparedStatement.java:2144)
	at com.mysql.jdbc.PreparedStatement.executeQuery(PreparedStatement.java:2310)
	at org.hibernate.jdbc.AbstractBatcher.getResultSet(AbstractBatcher.java:208)
	at org.hibernate.loader.Loader.getResultSet(Loader.java:1953)
	at org.hibernate.loader.Loader.doQuery(Loader.java:802)
	at org.hibernate.loader.Loader.doQueryAndInitializeNonLazyCollections(Loader.java:274)
	at org.hibernate.loader.Loader.doList(Loader.java:2542)
	... 17 more
2016-02-28 13:44:06,252 ERROR ~ Table 'ballerstarter.memberpoint' doesn't exist
2016-02-28 13:44:06,262 ERROR ~ 

@6p98991ph
Internal Server Error (500) for request GET /memberpoints/list

Execution exception (In {module:crud}/app/controllers/CRUD.java around line 316)
PersistenceException occured : org.hibernate.exception.SQLGrammarException: could not execute query

play.exceptions.JavaExecutionException: org.hibernate.exception.SQLGrammarException: could not execute query
	at play.mvc.ActionInvoker.invoke(ActionInvoker.java:237)
	at Invocation.HTTP Request(Play!)
Caused by: javax.persistence.PersistenceException: org.hibernate.exception.SQLGrammarException: could not execute query
	at org.hibernate.ejb.AbstractEntityManagerImpl.convert(AbstractEntityManagerImpl.java:1389)
	at org.hibernate.ejb.AbstractEntityManagerImpl.convert(AbstractEntityManagerImpl.java:1317)
	at org.hibernate.ejb.QueryImpl.getResultList(QueryImpl.java:255)
	at play.db.jpa.JPAPlugin$JPAModelLoader.fetch(JPAPlugin.java:496)
	at controllers.CRUD$ObjectType.findPage(CRUD.java:316)
	at controllers.CRUD.list(CRUD.java:55)
	at play.mvc.ActionInvoker.invokeWithContinuation(ActionInvoker.java:557)
	at play.mvc.ActionInvoker.invoke(ActionInvoker.java:508)
	at play.mvc.ActionInvoker.invokeControllerMethod(ActionInvoker.java:484)
	at play.mvc.ActionInvoker.invokeControllerMethod(ActionInvoker.java:479)
	at play.mvc.ActionInvoker.invoke(ActionInvoker.java:161)
	... 1 more
Caused by: org.hibernate.exception.SQLGrammarException: could not execute query
	at org.hibernate.exception.SQLStateConverter.convert(SQLStateConverter.java:92)
	at org.hibernate.exception.JDBCExceptionHelper.convert(JDBCExceptionHelper.java:66)
	at org.hibernate.loader.Loader.doList(Loader.java:2545)
	at org.hibernate.loader.Loader.listIgnoreQueryCache(Loader.java:2276)
	at org.hibernate.loader.Loader.list(Loader.java:2271)
	at org.hibernate.loader.hql.QueryLoader.list(QueryLoader.java:459)
	at org.hibernate.hql.ast.QueryTranslatorImpl.list(QueryTranslatorImpl.java:365)
	at org.hibernate.engine.query.HQLQueryPlan.performList(HQLQueryPlan.java:196)
	at org.hibernate.impl.SessionImpl.list(SessionImpl.java:1268)
	at org.hibernate.impl.QueryImpl.list(QueryImpl.java:102)
	at org.hibernate.ejb.QueryImpl.getResultList(QueryImpl.java:246)
	... 9 more
Caused by: com.mysql.jdbc.exceptions.jdbc4.MySQLSyntaxErrorException: Table 'ballerstarter.memberpoint' doesn't exist
	at com.mysql.jdbc.Util.handleNewInstance(Util.java:411)
	at com.mysql.jdbc.Util.getInstance(Util.java:386)
	at com.mysql.jdbc.SQLError.createSQLException(SQLError.java:1052)
	at com.mysql.jdbc.MysqlIO.checkErrorPacket(MysqlIO.java:4096)
	at com.mysql.jdbc.MysqlIO.checkErrorPacket(MysqlIO.java:4028)
	at com.mysql.jdbc.MysqlIO.sendCommand(MysqlIO.java:2490)
	at com.mysql.jdbc.MysqlIO.sqlQueryDirect(MysqlIO.java:2651)
	at com.mysql.jdbc.ConnectionImpl.execSQL(ConnectionImpl.java:2683)
	at com.mysql.jdbc.PreparedStatement.executeInternal(PreparedStatement.java:2144)
	at com.mysql.jdbc.PreparedStatement.executeQuery(PreparedStatement.java:2310)
	at org.hibernate.jdbc.AbstractBatcher.getResultSet(AbstractBatcher.java:208)
	at org.hibernate.loader.Loader.getResultSet(Loader.java:1953)
	at org.hibernate.loader.Loader.doQuery(Loader.java:802)
	at org.hibernate.loader.Loader.doQueryAndInitializeNonLazyCollections(Loader.java:274)
	at org.hibernate.loader.Loader.doList(Loader.java:2542)
	... 17 more
2016-02-28 13:46:47,521 ERROR ~ 

@6p9899225
Internal Server Error (500) for request GET /

Compilation error (In {module:crud}/app/controllers/CRUD.java around line 34)
The file {module:crud}/app/controllers/CRUD.java could not be compiled. Error raised is : The type CRUD is already defined

play.exceptions.CompilationException: The type CRUD is already defined
	at play.classloading.ApplicationCompiler$2.acceptResult(ApplicationCompiler.java:246)
	at org.eclipse.jdt.internal.compiler.Compiler.handleInternalException(Compiler.java:676)
	at org.eclipse.jdt.internal.compiler.Compiler.compile(Compiler.java:520)
	at play.classloading.ApplicationCompiler.compile(ApplicationCompiler.java:282)
	at play.classloading.ApplicationClassloader.getAllClasses(ApplicationClassloader.java:426)
	at play.Play.start(Play.java:516)
	at play.Play.detectChanges(Play.java:642)
	at play.Invoker$Invocation.init(Invoker.java:198)
	at Invocation.HTTP Request(Play!)
2016-02-28 13:46:54,519 ERROR ~ Unsuccessful: create table memberpoint (id bigint not null auto_increment, match varchar(255), point integer, member_id bigint, primary key (id)) ENGINE=InnoDB DEFAULT CHARSET=utf8
2016-02-28 13:46:54,519 ERROR ~ You have an error in your SQL syntax; check the manual that corresponds to your MySQL server version for the right syntax to use near 'match varchar(255), point integer, member_id bigint, primary key (id)) ENGINE=In' at line 1
2016-02-28 13:46:54,519 ERROR ~ Unsuccessful: alter table memberpoint add index FK536C5B36FFACAF9E (member_id), add constraint FK536C5B36FFACAF9E foreign key (member_id) references members (id)
2016-02-28 13:46:54,519 ERROR ~ Table 'ballerstarter.memberpoint' doesn't exist
2016-02-28 13:46:54,541 ERROR ~ Unsuccessful: alter table members add index FK388EC919500EB9DE (team), add constraint FK388EC919500EB9DE foreign key (team) references teams (id)
2016-02-28 13:46:54,541 ERROR ~ Cannot add foreign key constraint
2016-02-28 13:51:20,517 ERROR ~ Unsuccessful: create table memberpoint (id bigint not null auto_increment, match varchar(255), point integer, member_id bigint, primary key (id)) ENGINE=InnoDB DEFAULT CHARSET=utf8
2016-02-28 13:51:20,518 ERROR ~ You have an error in your SQL syntax; check the manual that corresponds to your MySQL server version for the right syntax to use near 'match varchar(255), point integer, member_id bigint, primary key (id)) ENGINE=In' at line 1
2016-02-28 13:51:20,518 ERROR ~ Unsuccessful: alter table memberpoint add index FK536C5B36FFACAF9E (member_id), add constraint FK536C5B36FFACAF9E foreign key (member_id) references members (id)
2016-02-28 13:51:20,518 ERROR ~ Table 'ballerstarter.memberpoint' doesn't exist
2016-02-28 13:51:20,526 ERROR ~ Unsuccessful: alter table members add index FK388EC919500EB9DE (team), add constraint FK388EC919500EB9DE foreign key (team) references teams (id)
2016-02-28 13:51:20,526 ERROR ~ Cannot add foreign key constraint
2016-02-28 13:58:24,251 ERROR ~ Unsuccessful: create table memberpoint (id bigint not null auto_increment, match varchar(255), point integer, member_id bigint, primary key (id)) ENGINE=InnoDB DEFAULT CHARSET=utf8
2016-02-28 13:58:24,251 ERROR ~ You have an error in your SQL syntax; check the manual that corresponds to your MySQL server version for the right syntax to use near 'match varchar(255), point integer, member_id bigint, primary key (id)) ENGINE=In' at line 1
2016-02-28 13:58:24,319 ERROR ~ Unsuccessful: alter table memberpoint add index FK536C5B36FFACAF9E (member_id), add constraint FK536C5B36FFACAF9E foreign key (member_id) references members (id)
2016-02-28 13:58:24,319 ERROR ~ Table 'ballerstarter.memberpoint' doesn't exist
2016-02-28 13:58:24,328 ERROR ~ Unsuccessful: alter table members add index FK388EC919500EB9DE (team), add constraint FK388EC919500EB9DE foreign key (team) references teams (id)
2016-02-28 13:58:24,328 ERROR ~ Cannot add foreign key constraint
2016-02-28 23:39:55,921 INFO  ~ Starting G:\play-1.2.5.3\BallerStarter
2016-02-28 23:39:55,923 WARN  ~ Declaring modules in application.conf is deprecated. Use dependencies.yml instead (module.crud)
2016-02-28 23:39:55,924 INFO  ~ Module crud is available (G:\play-1.2.5.3\modules\crud)
2016-02-28 23:39:55,924 WARN  ~ Declaring modules in application.conf is deprecated. Use dependencies.yml instead (module.secure)
2016-02-28 23:39:55,924 INFO  ~ Module secure is available (G:\play-1.2.5.3\modules\secure)
2016-02-28 23:39:55,925 INFO  ~ Module crud is available (G:\play-1.2.5.3\modules\crud)
2016-02-28 23:39:55,925 INFO  ~ Module secure is available (G:\play-1.2.5.3\modules\secure)
2016-02-28 23:39:56,449 WARN  ~ You're running Play! in DEV mode
2016-02-28 23:39:56,558 INFO  ~ Listening for HTTP on port 9000 (Waiting a first request to start) ...
2016-02-28 23:47:47,554 INFO  ~ Starting G:\play-1.2.5.3\BallerStarter
2016-02-28 23:47:47,557 WARN  ~ Declaring modules in application.conf is deprecated. Use dependencies.yml instead (module.crud)
2016-02-28 23:47:47,557 INFO  ~ Module crud is available (G:\play-1.2.5.3\modules\crud)
2016-02-28 23:47:47,557 WARN  ~ Declaring modules in application.conf is deprecated. Use dependencies.yml instead (module.secure)
2016-02-28 23:47:47,558 INFO  ~ Module secure is available (G:\play-1.2.5.3\modules\secure)
2016-02-28 23:47:47,558 INFO  ~ Module crud is available (G:\play-1.2.5.3\modules\crud)
2016-02-28 23:47:47,559 INFO  ~ Module secure is available (G:\play-1.2.5.3\modules\secure)
2016-02-28 23:47:48,091 WARN  ~ You're running Play! in DEV mode
2016-02-28 23:47:48,198 INFO  ~ Listening for HTTP on port 9000 (Waiting a first request to start) ...
2016-02-28 23:48:05,602 ERROR ~ 

@6p9bco1a3
Internal Server Error (500) for request GET /admin

Compilation error (In {module:crud}/app/controllers/CRUD.java around line 34)
The file {module:crud}/app/controllers/CRUD.java could not be compiled. Error raised is : The type CRUD is already defined

play.exceptions.CompilationException: The type CRUD is already defined
	at play.classloading.ApplicationCompiler$2.acceptResult(ApplicationCompiler.java:246)
	at org.eclipse.jdt.internal.compiler.Compiler.handleInternalException(Compiler.java:676)
	at org.eclipse.jdt.internal.compiler.Compiler.compile(Compiler.java:520)
	at play.classloading.ApplicationCompiler.compile(ApplicationCompiler.java:282)
	at play.classloading.ApplicationClassloader.getAllClasses(ApplicationClassloader.java:426)
	at play.classloading.ApplicationClassloader.getAssignableClasses(ApplicationClassloader.java:455)
	at {module:crud}/app/views/tags/crud/types.tag.(line:3)
	at play.templates.GroovyTemplate.internalRender(GroovyTemplate.java:247)
	at play.templates.GroovyTemplate$ExecutableTemplate.invokeTag(GroovyTemplate.java:401)
	at {module:crud}/conf/routes.(line:4)
	at play.templates.GroovyTemplate.internalRender(GroovyTemplate.java:247)
	at play.templates.Template.render(Template.java:26)
	at play.templates.GroovyTemplate.render(GroovyTemplate.java:202)
	at play.mvc.Router.parse(Router.java:162)
	at play.mvc.Router.parse(Router.java:190)
	at play.mvc.Router.parse(Router.java:164)
	at play.mvc.Router.load(Router.java:48)
	at play.mvc.Router.detectChanges(Router.java:219)
	at Invocation.HTTP Request(Play!)
2016-02-28 23:48:12,257 INFO  ~ Connected to jdbc:mysql://127.0.0.1:3306/ballerstarter?useUnicode=true&characterEncoding=utf-8&autoReconnect=true&failOverReadOnly=false&rewriteBatchedStatements=true
2016-02-28 23:48:13,069 ERROR ~ Unsuccessful: create table memberpoint (id bigint not null auto_increment, match varchar(255), point integer, member_id bigint, primary key (id)) ENGINE=InnoDB DEFAULT CHARSET=utf8
2016-02-28 23:48:13,069 ERROR ~ You have an error in your SQL syntax; check the manual that corresponds to your MySQL server version for the right syntax to use near 'match varchar(255), point integer, member_id bigint, primary key (id)) ENGINE=In' at line 1
2016-02-28 23:48:13,130 ERROR ~ Unsuccessful: alter table memberpoint add index FK536C5B36FFACAF9E (member_id), add constraint FK536C5B36FFACAF9E foreign key (member_id) references members (id)
2016-02-28 23:48:13,130 ERROR ~ Table 'ballerstarter.memberpoint' doesn't exist
2016-02-28 23:48:13,139 ERROR ~ Unsuccessful: alter table members add index FK388EC919500EB9DE (team), add constraint FK388EC919500EB9DE foreign key (team) references teams (id)
2016-02-28 23:48:13,139 ERROR ~ Cannot add foreign key constraint
2016-02-28 23:48:13,190 INFO  ~ Application 'Baller Starter' is now started !
